<?xml version="1.0" encoding="UTF-8"?>
<testng-results skipped="0" failed="0" total="2" passed="2">
  <reporter-output>
  </reporter-output>
  <suite name="Default suite" duration-ms="65" started-at="2018-07-20T04:04:32Z" finished-at="2018-07-20T04:04:32Z">
    <groups>
    </groups>
    <test name="Default test" duration-ms="65" started-at="2018-07-20T04:04:32Z" finished-at="2018-07-20T04:04:32Z">
      <class name="com.teraweb.qa.testcases.TestExample">
        <test-method status="PASS" signature="testA()[pri:0, instance:com.teraweb.qa.testcases.TestExample@396a51ab]" name="testA" duration-ms="30" started-at="2018-07-20T11:04:32Z" finished-at="2018-07-20T11:04:32Z">
          <reporter-output>
          </reporter-output>
        </test-method> <!-- testA -->
        <test-method status="PASS" signature="testB()[pri:0, instance:com.teraweb.qa.testcases.TestExample@396a51ab]" name="testB" duration-ms="2" started-at="2018-07-20T11:04:32Z" finished-at="2018-07-20T11:04:32Z">
          <reporter-output>
          </reporter-output>
        </test-method> <!-- testB -->
      </class> <!-- com.teraweb.qa.testcases.TestExample -->
    </test> <!-- Default test -->
  </suite> <!-- Default suite -->
</testng-results>
